<?xml version="1.0" encoding="UTF-8"?>
<testng-results ignored="0" total="1" passed="1" failed="0" skipped="0">
  <reporter-output>
  </reporter-output>
  <suite started-at="2020-07-20T21:30:12 IST" name="Default suite" finished-at="2020-07-20T21:30:28 IST" duration-ms="16250">
    <groups>
    </groups>
    <test started-at="2020-07-20T21:30:12 IST" name="Default test" finished-at="2020-07-20T21:30:28 IST" duration-ms="16250">
      <class name="Programs.Array">
        <test-method is-config="true" signature="beforeTest()[pri:0, instance:Programs.Array@23f7d05d]" started-at="2020-07-20T21:30:12 IST" name="beforeTest" finished-at="2020-07-20T21:30:21 IST" duration-ms="9824" status="PASS">
          <reporter-output>
          </reporter-output>
        </test-method> <!-- beforeTest -->
        <test-method signature="fun()[pri:0, instance:Programs.Array@23f7d05d]" started-at="2020-07-20T21:30:21 IST" name="fun" finished-at="2020-07-20T21:30:28 IST" duration-ms="6374" status="PASS">
          <reporter-output>
          </reporter-output>
        </test-method> <!-- fun -->
        <test-method is-config="true" signature="afterTest()[pri:0, instance:Programs.Array@23f7d05d]" started-at="2020-07-20T21:30:28 IST" name="afterTest" finished-at="2020-07-20T21:30:28 IST" duration-ms="0" status="PASS">
          <reporter-output>
          </reporter-output>
        </test-method> <!-- afterTest -->
      </class> <!-- Programs.Array -->
    </test> <!-- Default test -->
  </suite> <!-- Default suite -->
</testng-results>
